2022-05-20 14:28:28,005 [Worker-2: Loading available Gradle versions] INFO  o.e.b.c.i.u.g.PublishedGradleVersions - Gradle version information cache is up-to-date. Trying to read.
2022-05-20 14:29:50,861 [Worker-19: Creating maven-archetype-quickstart] INFO  o.e.m.c.i.p.ProjectConfigurationManager - Collecting project info '/pom.xml' C:\Users\santi\WorkPlace_01\Practica_semanal_semana_2\pom.xml
2022-05-20 14:29:58,304 [Worker-19: Creating maven-archetype-quickstart] INFO  o.e.m.c.i.l.LifecycleMappingFactory - Using org.eclipse.m2e.jdt.JarLifecycleMapping lifecycle mapping for MavenProject: com.protalento:Practica_semanal_semana_2:0.0.1-SNAPSHOT @ C:\Users\santi\WorkPlace_01\Practica_semanal_semana_2\pom.xml.
2022-05-20 14:30:01,645 [Worker-19: Creating maven-archetype-quickstart] INFO  o.e.m.j.i.AbstractJavaProjectConfigurator - Adding source folder /Practica_semanal_semana_2/src/main/java
2022-05-20 14:30:01,653 [Worker-19: Creating maven-archetype-quickstart] INFO  o.e.m.j.i.AbstractJavaProjectConfigurator - Adding source folder /Practica_semanal_semana_2/src/test/java
2022-05-20 14:30:03,749 [Worker-19: Creating maven-archetype-quickstart] INFO  o.e.m.c.i.p.ProjectConfigurationManager - Imported and configured 1 project(s) in 12 sec
2022-05-20 14:30:05,191 [Worker-11: Building] INFO  o.e.m.c.i.embedder.EclipseLogger - Using 'UTF-8' encoding to copy filtered resources.
2022-05-20 14:30:05,192 [Worker-11: Building] INFO  o.e.m.c.i.embedder.EclipseLogger - skip non existing resourceDirectory C:\Users\santi\WorkPlace_01\Practica_semanal_semana_2\src\main\resources
2022-05-20 14:30:05,195 [Worker-11: Building] INFO  o.e.m.c.i.embedder.EclipseLogger - Using 'UTF-8' encoding to copy filtered resources.
2022-05-20 14:30:05,195 [Worker-11: Building] INFO  o.e.m.c.i.embedder.EclipseLogger - skip non existing resourceDirectory C:\Users\santi\WorkPlace_01\Practica_semanal_semana_2\src\test\resources
2022-05-20 14:30:30,212 [Worker-21: Building] INFO  o.e.m.c.i.embedder.EclipseLogger - Using 'UTF-8' encoding to copy filtered resources.
2022-05-20 14:30:30,213 [Worker-21: Building] INFO  o.e.m.c.i.embedder.EclipseLogger - skip non existing resourceDirectory C:\Users\santi\WorkPlace_01\Practica_semanal_semana_2\src\main\resources
2022-05-20 14:30:30,214 [Worker-21: Building] INFO  o.e.m.c.i.embedder.EclipseLogger - Using 'UTF-8' encoding to copy filtered resources.
2022-05-20 14:30:30,214 [Worker-21: Building] INFO  o.e.m.c.i.embedder.EclipseLogger - skip non existing resourceDirectory C:\Users\santi\WorkPlace_01\Practica_semanal_semana_2\src\test\resources
2022-05-20 14:32:30,352 [Worker-11: Building] INFO  o.e.m.c.i.embedder.EclipseLogger - Using 'UTF-8' encoding to copy filtered resources.
2022-05-20 14:32:30,353 [Worker-11: Building] INFO  o.e.m.c.i.embedder.EclipseLogger - skip non existing resourceDirectory C:\Users\santi\WorkPlace_01\Practica_semanal_semana_2\src\main\resources
2022-05-20 14:32:30,354 [Worker-11: Building] INFO  o.e.m.c.i.embedder.EclipseLogger - Using 'UTF-8' encoding to copy filtered resources.
2022-05-20 14:32:30,355 [Worker-11: Building] INFO  o.e.m.c.i.embedder.EclipseLogger - skip non existing resourceDirectory C:\Users\santi\WorkPlace_01\Practica_semanal_semana_2\src\test\resources
2022-05-20 14:51:31,262 [Worker-24: Creating maven-archetype-quickstart] INFO  o.e.m.c.i.p.ProjectConfigurationManager - Collecting project info '/pom.xml' C:\Users\santi\WorkPlace_01\Practica_semanal_semana_3\pom.xml
2022-05-20 14:51:49,156 [Worker-24: Creating maven-archetype-quickstart] INFO  o.e.m.c.i.l.LifecycleMappingFactory - Using org.eclipse.m2e.jdt.JarLifecycleMapping lifecycle mapping for MavenProject: com.protalento:Practica_semanal_semana_3:0.0.1-SNAPSHOT @ C:\Users\santi\WorkPlace_01\Practica_semanal_semana_3\pom.xml.
2022-05-20 14:51:53,982 [Worker-24: Creating maven-archetype-quickstart] INFO  o.e.m.j.i.AbstractJavaProjectConfigurator - Adding source folder /Practica_semanal_semana_3/src/main/java
2022-05-20 14:51:54,221 [Worker-24: Creating maven-archetype-quickstart] INFO  o.e.m.j.i.AbstractJavaProjectConfigurator - Adding source folder /Practica_semanal_semana_3/src/test/java
2022-05-20 14:51:57,558 [Worker-24: Creating maven-archetype-quickstart] INFO  o.e.m.c.i.p.ProjectConfigurationManager - Imported and configured 1 project(s) in 25 sec
2022-05-20 14:52:39,276 [Worker-23: Building] INFO  o.e.m.c.i.embedder.EclipseLogger - Using 'UTF-8' encoding to copy filtered resources.
2022-05-20 14:52:39,277 [Worker-23: Building] INFO  o.e.m.c.i.embedder.EclipseLogger - skip non existing resourceDirectory C:\Users\santi\WorkPlace_01\Practica_semanal_semana_3\src\main\resources
2022-05-20 14:52:39,278 [Worker-23: Building] INFO  o.e.m.c.i.embedder.EclipseLogger - Using 'UTF-8' encoding to copy filtered resources.
2022-05-20 14:52:39,279 [Worker-23: Building] INFO  o.e.m.c.i.embedder.EclipseLogger - skip non existing resourceDirectory C:\Users\santi\WorkPlace_01\Practica_semanal_semana_3\src\test\resources
2022-05-20 14:59:18,953 [Worker-27: Building] INFO  o.e.m.c.i.embedder.EclipseLogger - Using 'UTF-8' encoding to copy filtered resources.
2022-05-20 14:59:19,020 [Worker-27: Building] INFO  o.e.m.c.i.embedder.EclipseLogger - skip non existing resourceDirectory C:\Users\santi\WorkPlace_01\Practica_semanal_semana_3\src\main\resources
2022-05-20 14:59:19,023 [Worker-27: Building] INFO  o.e.m.c.i.embedder.EclipseLogger - Using 'UTF-8' encoding to copy filtered resources.
2022-05-20 14:59:19,023 [Worker-27: Building] INFO  o.e.m.c.i.embedder.EclipseLogger - skip non existing resourceDirectory C:\Users\santi\WorkPlace_01\Practica_semanal_semana_3\src\test\resources
2022-05-20 15:06:27,312 [Worker-30: Creating maven-archetype-quickstart] INFO  o.e.m.c.i.p.ProjectConfigurationManager - Collecting project info '/pom.xml' C:\Users\santi\WorkPlace_01\Practica_semanal_semana_4\pom.xml
2022-05-20 15:06:31,889 [Worker-30: Creating maven-archetype-quickstart] INFO  o.e.m.c.i.l.LifecycleMappingFactory - Using org.eclipse.m2e.jdt.JarLifecycleMapping lifecycle mapping for MavenProject: com.protalento:Practica_semanal_semana_4:0.0.1-SNAPSHOT @ C:\Users\santi\WorkPlace_01\Practica_semanal_semana_4\pom.xml.
2022-05-20 15:06:32,670 [Worker-30: Creating maven-archetype-quickstart] INFO  o.e.m.j.i.AbstractJavaProjectConfigurator - Adding source folder /Practica_semanal_semana_4/src/main/java
2022-05-20 15:06:32,673 [Worker-30: Creating maven-archetype-quickstart] INFO  o.e.m.j.i.AbstractJavaProjectConfigurator - Adding source folder /Practica_semanal_semana_4/src/test/java
2022-05-20 15:06:33,016 [Worker-30: Creating maven-archetype-quickstart] INFO  o.e.m.c.i.p.ProjectConfigurationManager - Imported and configured 1 project(s) in 5 sec
2022-05-20 15:06:34,914 [Worker-27: Building] INFO  o.e.m.c.i.embedder.EclipseLogger - Using 'UTF-8' encoding to copy filtered resources.
2022-05-20 15:06:34,914 [Worker-27: Building] INFO  o.e.m.c.i.embedder.EclipseLogger - skip non existing resourceDirectory C:\Users\santi\WorkPlace_01\Practica_semanal_semana_4\src\main\resources
2022-05-20 15:06:34,916 [Worker-27: Building] INFO  o.e.m.c.i.embedder.EclipseLogger - Using 'UTF-8' encoding to copy filtered resources.
2022-05-20 15:06:34,916 [Worker-27: Building] INFO  o.e.m.c.i.embedder.EclipseLogger - skip non existing resourceDirectory C:\Users\santi\WorkPlace_01\Practica_semanal_semana_4\src\test\resources
2022-05-20 15:08:38,670 [Worker-32: Building] INFO  o.e.m.c.i.embedder.EclipseLogger - Using 'UTF-8' encoding to copy filtered resources.
2022-05-20 15:08:38,670 [Worker-32: Building] INFO  o.e.m.c.i.embedder.EclipseLogger - skip non existing resourceDirectory C:\Users\santi\WorkPlace_01\Practica_semanal_semana_4\src\main\resources
2022-05-20 15:08:38,672 [Worker-32: Building] INFO  o.e.m.c.i.embedder.EclipseLogger - Using 'UTF-8' encoding to copy filtered resources.
2022-05-20 15:08:38,672 [Worker-32: Building] INFO  o.e.m.c.i.embedder.EclipseLogger - skip non existing resourceDirectory C:\Users\santi\WorkPlace_01\Practica_semanal_semana_4\src\test\resources
2022-05-20 15:09:37,729 [Worker-27: Building] INFO  o.e.m.c.i.embedder.EclipseLogger - Using 'UTF-8' encoding to copy filtered resources.
2022-05-20 15:09:37,730 [Worker-27: Building] INFO  o.e.m.c.i.embedder.EclipseLogger - skip non existing resourceDirectory C:\Users\santi\WorkPlace_01\Practica_semanal_semana_4\src\main\resources
2022-05-20 15:09:37,770 [Worker-27: Building] INFO  o.e.m.c.i.embedder.EclipseLogger - Using 'UTF-8' encoding to copy filtered resources.
2022-05-20 15:09:37,770 [Worker-27: Building] INFO  o.e.m.c.i.embedder.EclipseLogger - skip non existing resourceDirectory C:\Users\santi\WorkPlace_01\Practica_semanal_semana_4\src\test\resources
2022-05-20 15:11:10,345 [Worker-27: Building] INFO  o.e.m.c.i.embedder.EclipseLogger - Using 'UTF-8' encoding to copy filtered resources.
2022-05-20 15:11:10,345 [Worker-27: Building] INFO  o.e.m.c.i.embedder.EclipseLogger - skip non existing resourceDirectory C:\Users\santi\WorkPlace_01\Practica_semanal_semana_4\src\main\resources
2022-05-20 15:11:10,347 [Worker-27: Building] INFO  o.e.m.c.i.embedder.EclipseLogger - Using 'UTF-8' encoding to copy filtered resources.
2022-05-20 15:11:10,347 [Worker-27: Building] INFO  o.e.m.c.i.embedder.EclipseLogger - skip non existing resourceDirectory C:\Users\santi\WorkPlace_01\Practica_semanal_semana_4\src\test\resources
2022-05-20 15:11:49,490 [Worker-31: Building] INFO  o.e.m.c.i.embedder.EclipseLogger - Using 'UTF-8' encoding to copy filtered resources.
2022-05-20 15:11:49,491 [Worker-31: Building] INFO  o.e.m.c.i.embedder.EclipseLogger - skip non existing resourceDirectory C:\Users\santi\WorkPlace_01\Practica_semanal_semana_4\src\main\resources
2022-05-20 15:11:49,493 [Worker-31: Building] INFO  o.e.m.c.i.embedder.EclipseLogger - Using 'UTF-8' encoding to copy filtered resources.
2022-05-20 15:11:49,494 [Worker-31: Building] INFO  o.e.m.c.i.embedder.EclipseLogger - skip non existing resourceDirectory C:\Users\santi\WorkPlace_01\Practica_semanal_semana_4\src\test\resources
2022-05-20 15:12:22,461 [Worker-32: Building] INFO  o.e.m.c.i.embedder.EclipseLogger - Using 'UTF-8' encoding to copy filtered resources.
2022-05-20 15:12:22,517 [Worker-32: Building] INFO  o.e.m.c.i.embedder.EclipseLogger - skip non existing resourceDirectory C:\Users\santi\WorkPlace_01\Practica_semanal_semana_4\src\main\resources
2022-05-20 15:12:22,519 [Worker-32: Building] INFO  o.e.m.c.i.embedder.EclipseLogger - Using 'UTF-8' encoding to copy filtered resources.
2022-05-20 15:12:22,519 [Worker-32: Building] INFO  o.e.m.c.i.embedder.EclipseLogger - skip non existing resourceDirectory C:\Users\santi\WorkPlace_01\Practica_semanal_semana_4\src\test\resources
2022-05-20 15:13:21,631 [Worker-29: Building] INFO  o.e.m.c.i.embedder.EclipseLogger - Using 'UTF-8' encoding to copy filtered resources.
2022-05-20 15:13:21,631 [Worker-29: Building] INFO  o.e.m.c.i.embedder.EclipseLogger - skip non existing resourceDirectory C:\Users\santi\WorkPlace_01\Practica_semanal_semana_4\src\main\resources
2022-05-20 15:13:21,633 [Worker-29: Building] INFO  o.e.m.c.i.embedder.EclipseLogger - Using 'UTF-8' encoding to copy filtered resources.
2022-05-20 15:13:21,633 [Worker-29: Building] INFO  o.e.m.c.i.embedder.EclipseLogger - skip non existing resourceDirectory C:\Users\santi\WorkPlace_01\Practica_semanal_semana_4\src\test\resources
2022-05-20 15:14:08,815 [Worker-32: Building] INFO  o.e.m.c.i.embedder.EclipseLogger - Using 'UTF-8' encoding to copy filtered resources.
2022-05-20 15:14:08,815 [Worker-32: Building] INFO  o.e.m.c.i.embedder.EclipseLogger - skip non existing resourceDirectory C:\Users\santi\WorkPlace_01\Practica_semanal_semana_4\src\main\resources
2022-05-20 15:14:08,817 [Worker-32: Building] INFO  o.e.m.c.i.embedder.EclipseLogger - Using 'UTF-8' encoding to copy filtered resources.
2022-05-20 15:14:08,818 [Worker-32: Building] INFO  o.e.m.c.i.embedder.EclipseLogger - skip non existing resourceDirectory C:\Users\santi\WorkPlace_01\Practica_semanal_semana_4\src\test\resources
2022-05-20 15:16:59,466 [Worker-27: Building] INFO  o.e.m.c.i.embedder.EclipseLogger - Using 'UTF-8' encoding to copy filtered resources.
2022-05-20 15:16:59,466 [Worker-27: Building] INFO  o.e.m.c.i.embedder.EclipseLogger - skip non existing resourceDirectory C:\Users\santi\WorkPlace_01\Practica_semanal_semana_4\src\main\resources
2022-05-20 15:16:59,468 [Worker-27: Building] INFO  o.e.m.c.i.embedder.EclipseLogger - Using 'UTF-8' encoding to copy filtered resources.
2022-05-20 15:16:59,468 [Worker-27: Building] INFO  o.e.m.c.i.embedder.EclipseLogger - skip non existing resourceDirectory C:\Users\santi\WorkPlace_01\Practica_semanal_semana_4\src\test\resources
2022-05-20 15:23:59,941 [Worker-31: Creating maven-archetype-quickstart] INFO  o.e.m.c.i.p.ProjectConfigurationManager - Collecting project info '/pom.xml' C:\Users\santi\WorkPlace_01\Practica_semanal_semana_5\pom.xml
2022-05-20 15:24:01,977 [Worker-31: Creating maven-archetype-quickstart] INFO  o.e.m.c.i.l.LifecycleMappingFactory - Using org.eclipse.m2e.jdt.JarLifecycleMapping lifecycle mapping for MavenProject: com.protalento:Practica_semanal_semana_5:0.0.1-SNAPSHOT @ C:\Users\santi\WorkPlace_01\Practica_semanal_semana_5\pom.xml.
2022-05-20 15:24:02,754 [Worker-31: Creating maven-archetype-quickstart] INFO  o.e.m.j.i.AbstractJavaProjectConfigurator - Adding source folder /Practica_semanal_semana_5/src/main/java
2022-05-20 15:24:02,756 [Worker-31: Creating maven-archetype-quickstart] INFO  o.e.m.j.i.AbstractJavaProjectConfigurator - Adding source folder /Practica_semanal_semana_5/src/test/java
2022-05-20 15:24:03,054 [Worker-31: Creating maven-archetype-quickstart] INFO  o.e.m.c.i.p.ProjectConfigurationManager - Imported and configured 1 project(s) in 3 sec
2022-05-20 15:24:05,243 [Worker-31: Building] INFO  o.e.m.c.i.embedder.EclipseLogger - Using 'UTF-8' encoding to copy filtered resources.
2022-05-20 15:24:05,244 [Worker-31: Building] INFO  o.e.m.c.i.embedder.EclipseLogger - skip non existing resourceDirectory C:\Users\santi\WorkPlace_01\Practica_semanal_semana_5\src\main\resources
2022-05-20 15:24:05,265 [Worker-31: Building] INFO  o.e.m.c.i.embedder.EclipseLogger - Using 'UTF-8' encoding to copy filtered resources.
2022-05-20 15:24:05,266 [Worker-31: Building] INFO  o.e.m.c.i.embedder.EclipseLogger - skip non existing resourceDirectory C:\Users\santi\WorkPlace_01\Practica_semanal_semana_5\src\test\resources
2022-05-20 15:25:42,319 [Worker-6: Building] INFO  o.e.m.c.i.embedder.EclipseLogger - Using 'UTF-8' encoding to copy filtered resources.
2022-05-20 15:25:42,352 [Worker-6: Building] INFO  o.e.m.c.i.embedder.EclipseLogger - skip non existing resourceDirectory C:\Users\santi\WorkPlace_01\Practica_semanal_semana_5\src\main\resources
2022-05-20 15:25:42,446 [Worker-6: Building] INFO  o.e.m.c.i.embedder.EclipseLogger - Using 'UTF-8' encoding to copy filtered resources.
2022-05-20 15:25:42,446 [Worker-6: Building] INFO  o.e.m.c.i.embedder.EclipseLogger - skip non existing resourceDirectory C:\Users\santi\WorkPlace_01\Practica_semanal_semana_5\src\test\resources
2022-05-20 15:48:00,823 [Worker-34: Launching App] INFO  o.e.m.c.i.embedder.EclipseLogger - Using 'UTF-8' encoding to copy filtered resources.
2022-05-20 15:48:00,824 [Worker-34: Launching App] INFO  o.e.m.c.i.embedder.EclipseLogger - skip non existing resourceDirectory C:\Users\santi\WorkPlace_01\Practica_semanal_semana_5\src\main\resources
2022-05-20 15:48:00,828 [Worker-34: Launching App] INFO  o.e.m.c.i.embedder.EclipseLogger - Using 'UTF-8' encoding to copy filtered resources.
2022-05-20 15:48:00,829 [Worker-34: Launching App] INFO  o.e.m.c.i.embedder.EclipseLogger - skip non existing resourceDirectory C:\Users\santi\WorkPlace_01\Practica_semanal_semana_5\src\test\resources
2022-05-20 15:50:01,120 [Worker-34: Launching App] INFO  o.e.m.c.i.embedder.EclipseLogger - Using 'UTF-8' encoding to copy filtered resources.
2022-05-20 15:50:01,120 [Worker-34: Launching App] INFO  o.e.m.c.i.embedder.EclipseLogger - skip non existing resourceDirectory C:\Users\santi\WorkPlace_01\Practica_semanal_semana_5\src\main\resources
2022-05-20 15:50:01,175 [Worker-34: Launching App] INFO  o.e.m.c.i.embedder.EclipseLogger - Using 'UTF-8' encoding to copy filtered resources.
2022-05-20 15:50:01,176 [Worker-34: Launching App] INFO  o.e.m.c.i.embedder.EclipseLogger - skip non existing resourceDirectory C:\Users\santi\WorkPlace_01\Practica_semanal_semana_5\src\test\resources
2022-05-20 16:07:31,653 [Worker-38: Launching App] INFO  o.e.m.c.i.embedder.EclipseLogger - Using 'UTF-8' encoding to copy filtered resources.
2022-05-20 16:07:31,678 [Worker-38: Launching App] INFO  o.e.m.c.i.embedder.EclipseLogger - skip non existing resourceDirectory C:\Users\santi\WorkPlace_01\Practica_semanal_semana_5\src\main\resources
2022-05-20 16:07:31,727 [Worker-38: Launching App] INFO  o.e.m.c.i.embedder.EclipseLogger - Using 'UTF-8' encoding to copy filtered resources.
2022-05-20 16:07:31,728 [Worker-38: Launching App] INFO  o.e.m.c.i.embedder.EclipseLogger - skip non existing resourceDirectory C:\Users\santi\WorkPlace_01\Practica_semanal_semana_5\src\test\resources
2022-05-20 16:08:44,706 [Worker-39: Launching App] INFO  o.e.m.c.i.embedder.EclipseLogger - Using 'UTF-8' encoding to copy filtered resources.
2022-05-20 16:08:44,706 [Worker-39: Launching App] INFO  o.e.m.c.i.embedder.EclipseLogger - skip non existing resourceDirectory C:\Users\santi\WorkPlace_01\Practica_semanal_semana_5\src\main\resources
2022-05-20 16:08:44,708 [Worker-39: Launching App] INFO  o.e.m.c.i.embedder.EclipseLogger - Using 'UTF-8' encoding to copy filtered resources.
2022-05-20 16:08:44,709 [Worker-39: Launching App] INFO  o.e.m.c.i.embedder.EclipseLogger - skip non existing resourceDirectory C:\Users\santi\WorkPlace_01\Practica_semanal_semana_5\src\test\resources
2022-05-20 16:09:08,261 [Worker-39: Launching App] INFO  o.e.m.c.i.embedder.EclipseLogger - Using 'UTF-8' encoding to copy filtered resources.
2022-05-20 16:09:08,262 [Worker-39: Launching App] INFO  o.e.m.c.i.embedder.EclipseLogger - skip non existing resourceDirectory C:\Users\santi\WorkPlace_01\Practica_semanal_semana_5\src\main\resources
2022-05-20 16:09:08,263 [Worker-39: Launching App] INFO  o.e.m.c.i.embedder.EclipseLogger - Using 'UTF-8' encoding to copy filtered resources.
2022-05-20 16:09:08,263 [Worker-39: Launching App] INFO  o.e.m.c.i.embedder.EclipseLogger - skip non existing resourceDirectory C:\Users\santi\WorkPlace_01\Practica_semanal_semana_5\src\test\resources
2022-05-20 16:10:31,396 [Worker-39: Launching App] INFO  o.e.m.c.i.embedder.EclipseLogger - Using 'UTF-8' encoding to copy filtered resources.
2022-05-20 16:10:31,397 [Worker-39: Launching App] INFO  o.e.m.c.i.embedder.EclipseLogger - skip non existing resourceDirectory C:\Users\santi\WorkPlace_01\Practica_semanal_semana_5\src\main\resources
2022-05-20 16:10:31,399 [Worker-39: Launching App] INFO  o.e.m.c.i.embedder.EclipseLogger - Using 'UTF-8' encoding to copy filtered resources.
2022-05-20 16:10:31,400 [Worker-39: Launching App] INFO  o.e.m.c.i.embedder.EclipseLogger - skip non existing resourceDirectory C:\Users\santi\WorkPlace_01\Practica_semanal_semana_5\src\test\resources
2022-05-20 16:11:18,155 [Worker-42: Launching App] INFO  o.e.m.c.i.embedder.EclipseLogger - Using 'UTF-8' encoding to copy filtered resources.
2022-05-20 16:11:18,169 [Worker-42: Launching App] INFO  o.e.m.c.i.embedder.EclipseLogger - skip non existing resourceDirectory C:\Users\santi\WorkPlace_01\Practica_semanal_semana_5\src\main\resources
2022-05-20 16:11:18,173 [Worker-42: Launching App] INFO  o.e.m.c.i.embedder.EclipseLogger - Using 'UTF-8' encoding to copy filtered resources.
2022-05-20 16:11:18,174 [Worker-42: Launching App] INFO  o.e.m.c.i.embedder.EclipseLogger - skip non existing resourceDirectory C:\Users\santi\WorkPlace_01\Practica_semanal_semana_5\src\test\resources
2022-05-22 13:51:44,305 [Worker-6: Loading available Gradle versions] INFO  o.e.b.c.i.u.g.PublishedGradleVersions - Gradle version information cache is out-of-date. Trying to update.
2022-05-22 14:13:33,567 [Worker-21: Building] INFO  o.e.m.c.i.embedder.EclipseLogger - Using 'UTF-8' encoding to copy filtered resources.
2022-05-22 14:13:33,622 [Worker-21: Building] INFO  o.e.m.c.i.embedder.EclipseLogger - skip non existing resourceDirectory C:\Users\santi\WorkPlace_01\Practica_semanal_semana_5\src\main\resources
2022-05-22 14:13:33,630 [Worker-21: Building] INFO  o.e.m.c.i.embedder.EclipseLogger - Using 'UTF-8' encoding to copy filtered resources.
2022-05-22 14:13:33,631 [Worker-21: Building] INFO  o.e.m.c.i.embedder.EclipseLogger - skip non existing resourceDirectory C:\Users\santi\WorkPlace_01\Practica_semanal_semana_5\src\test\resources
2022-05-22 14:32:50,198 [Worker-5: Loading available Gradle versions] INFO  o.e.b.c.i.u.g.PublishedGradleVersions - Gradle version information cache is up-to-date. Trying to read.
2022-05-22 18:21:07,931 [Worker-3: Loading available Gradle versions] INFO  o.e.b.c.i.u.g.PublishedGradleVersions - Gradle version information cache is up-to-date. Trying to read.
2022-05-22 18:22:17,378 [Worker-4: Building] INFO  o.e.m.c.i.embedder.EclipseLogger - Using 'UTF-8' encoding to copy filtered resources.
2022-05-22 18:22:17,556 [Worker-4: Building] INFO  o.e.m.c.i.embedder.EclipseLogger - skip non existing resourceDirectory C:\Users\santi\WorkPlace_01\Practica_semanal_semana_2\src\main\resources
2022-05-22 18:22:17,559 [Worker-4: Building] INFO  o.e.m.c.i.embedder.EclipseLogger - Using 'UTF-8' encoding to copy filtered resources.
2022-05-22 18:22:17,559 [Worker-4: Building] INFO  o.e.m.c.i.embedder.EclipseLogger - skip non existing resourceDirectory C:\Users\santi\WorkPlace_01\Practica_semanal_semana_2\src\test\resources
2022-05-22 18:22:24,137 [Worker-4: Building] INFO  o.e.m.c.i.embedder.EclipseLogger - Using 'UTF-8' encoding to copy filtered resources.
2022-05-22 18:22:24,138 [Worker-4: Building] INFO  o.e.m.c.i.embedder.EclipseLogger - skip non existing resourceDirectory C:\Users\santi\WorkPlace_01\Practica_semanal_semana_3\src\main\resources
2022-05-22 18:22:24,139 [Worker-4: Building] INFO  o.e.m.c.i.embedder.EclipseLogger - Using 'UTF-8' encoding to copy filtered resources.
2022-05-22 18:22:24,140 [Worker-4: Building] INFO  o.e.m.c.i.embedder.EclipseLogger - skip non existing resourceDirectory C:\Users\santi\WorkPlace_01\Practica_semanal_semana_3\src\test\resources
2022-05-22 18:22:25,331 [Worker-4: Building] INFO  o.e.m.c.i.embedder.EclipseLogger - Using 'UTF-8' encoding to copy filtered resources.
2022-05-22 18:22:25,332 [Worker-4: Building] INFO  o.e.m.c.i.embedder.EclipseLogger - skip non existing resourceDirectory C:\Users\santi\WorkPlace_01\Practica_semanal_semana_4\src\main\resources
2022-05-22 18:22:25,334 [Worker-4: Building] INFO  o.e.m.c.i.embedder.EclipseLogger - Using 'UTF-8' encoding to copy filtered resources.
2022-05-22 18:22:25,334 [Worker-4: Building] INFO  o.e.m.c.i.embedder.EclipseLogger - skip non existing resourceDirectory C:\Users\santi\WorkPlace_01\Practica_semanal_semana_4\src\test\resources
2022-05-22 18:22:25,959 [Worker-4: Building] INFO  o.e.m.c.i.embedder.EclipseLogger - Using 'UTF-8' encoding to copy filtered resources.
2022-05-22 18:22:25,959 [Worker-4: Building] INFO  o.e.m.c.i.embedder.EclipseLogger - skip non existing resourceDirectory C:\Users\santi\WorkPlace_01\Practica_semanal_semana_5\src\main\resources
2022-05-22 18:22:25,960 [Worker-4: Building] INFO  o.e.m.c.i.embedder.EclipseLogger - Using 'UTF-8' encoding to copy filtered resources.
2022-05-22 18:22:25,960 [Worker-4: Building] INFO  o.e.m.c.i.embedder.EclipseLogger - skip non existing resourceDirectory C:\Users\santi\WorkPlace_01\Practica_semanal_semana_5\src\test\resources
2022-05-22 18:45:43,648 [Worker-3: Loading available Gradle versions] INFO  o.e.b.c.i.u.g.PublishedGradleVersions - Gradle version information cache is up-to-date. Trying to read.
2022-05-22 18:50:52,355 [Worker-23: Launching App] INFO  o.e.m.c.i.embedder.EclipseLogger - Using 'UTF-8' encoding to copy filtered resources.
2022-05-22 18:50:52,355 [Worker-23: Launching App] INFO  o.e.m.c.i.embedder.EclipseLogger - skip non existing resourceDirectory C:\Users\santi\WorkPlace_01\Practica_semanal_semana_5\src\main\resources
2022-05-22 18:50:52,359 [Worker-23: Launching App] INFO  o.e.m.c.i.embedder.EclipseLogger - Using 'UTF-8' encoding to copy filtered resources.
2022-05-22 18:50:52,359 [Worker-23: Launching App] INFO  o.e.m.c.i.embedder.EclipseLogger - skip non existing resourceDirectory C:\Users\santi\WorkPlace_01\Practica_semanal_semana_5\src\test\resources
2022-05-22 18:50:53,307 [Worker-22: Building] INFO  o.e.m.c.i.embedder.EclipseLogger - Using 'UTF-8' encoding to copy filtered resources.
2022-05-22 18:50:53,308 [Worker-22: Building] INFO  o.e.m.c.i.embedder.EclipseLogger - skip non existing resourceDirectory C:\Users\santi\WorkPlace_01\Practica_semanal_semana_2\src\main\resources
2022-05-22 18:50:53,310 [Worker-22: Building] INFO  o.e.m.c.i.embedder.EclipseLogger - Using 'UTF-8' encoding to copy filtered resources.
2022-05-22 18:50:53,310 [Worker-22: Building] INFO  o.e.m.c.i.embedder.EclipseLogger - skip non existing resourceDirectory C:\Users\santi\WorkPlace_01\Practica_semanal_semana_2\src\test\resources
2022-05-22 18:50:53,761 [Worker-22: Building] INFO  o.e.m.c.i.embedder.EclipseLogger - Using 'UTF-8' encoding to copy filtered resources.
2022-05-22 18:50:53,761 [Worker-22: Building] INFO  o.e.m.c.i.embedder.EclipseLogger - skip non existing resourceDirectory C:\Users\santi\WorkPlace_01\Practica_semanal_semana_3\src\main\resources
2022-05-22 18:50:53,763 [Worker-22: Building] INFO  o.e.m.c.i.embedder.EclipseLogger - Using 'UTF-8' encoding to copy filtered resources.
2022-05-22 18:50:53,764 [Worker-22: Building] INFO  o.e.m.c.i.embedder.EclipseLogger - skip non existing resourceDirectory C:\Users\santi\WorkPlace_01\Practica_semanal_semana_3\src\test\resources
2022-05-22 18:50:54,418 [Worker-22: Building] INFO  o.e.m.c.i.embedder.EclipseLogger - Using 'UTF-8' encoding to copy filtered resources.
2022-05-22 18:50:54,419 [Worker-22: Building] INFO  o.e.m.c.i.embedder.EclipseLogger - skip non existing resourceDirectory C:\Users\santi\WorkPlace_01\Practica_semanal_semana_4\src\main\resources
2022-05-22 18:50:54,421 [Worker-22: Building] INFO  o.e.m.c.i.embedder.EclipseLogger - Using 'UTF-8' encoding to copy filtered resources.
2022-05-22 18:50:54,421 [Worker-22: Building] INFO  o.e.m.c.i.embedder.EclipseLogger - skip non existing resourceDirectory C:\Users\santi\WorkPlace_01\Practica_semanal_semana_4\src\test\resources
2022-05-22 18:52:45,164 [Worker-22: Launching App] INFO  o.e.m.c.i.embedder.EclipseLogger - Using 'UTF-8' encoding to copy filtered resources.
2022-05-22 18:52:45,165 [Worker-22: Launching App] INFO  o.e.m.c.i.embedder.EclipseLogger - skip non existing resourceDirectory C:\Users\santi\WorkPlace_01\Practica_semanal_semana_5\src\main\resources
2022-05-22 18:52:45,167 [Worker-22: Launching App] INFO  o.e.m.c.i.embedder.EclipseLogger - Using 'UTF-8' encoding to copy filtered resources.
2022-05-22 18:52:45,167 [Worker-22: Launching App] INFO  o.e.m.c.i.embedder.EclipseLogger - skip non existing resourceDirectory C:\Users\santi\WorkPlace_01\Practica_semanal_semana_5\src\test\resources
2022-05-22 18:53:38,459 [Worker-22: Launching App] INFO  o.e.m.c.i.embedder.EclipseLogger - Using 'UTF-8' encoding to copy filtered resources.
2022-05-22 18:53:38,459 [Worker-22: Launching App] INFO  o.e.m.c.i.embedder.EclipseLogger - skip non existing resourceDirectory C:\Users\santi\WorkPlace_01\Practica_semanal_semana_5\src\main\resources
2022-05-22 18:53:38,461 [Worker-22: Launching App] INFO  o.e.m.c.i.embedder.EclipseLogger - Using 'UTF-8' encoding to copy filtered resources.
2022-05-22 18:53:38,461 [Worker-22: Launching App] INFO  o.e.m.c.i.embedder.EclipseLogger - skip non existing resourceDirectory C:\Users\santi\WorkPlace_01\Practica_semanal_semana_5\src\test\resources
2022-05-22 18:54:05,874 [Worker-24: Launching App] INFO  o.e.m.c.i.embedder.EclipseLogger - Using 'UTF-8' encoding to copy filtered resources.
2022-05-22 18:54:05,874 [Worker-24: Launching App] INFO  o.e.m.c.i.embedder.EclipseLogger - skip non existing resourceDirectory C:\Users\santi\WorkPlace_01\Practica_semanal_semana_5\src\main\resources
2022-05-22 18:54:05,876 [Worker-24: Launching App] INFO  o.e.m.c.i.embedder.EclipseLogger - Using 'UTF-8' encoding to copy filtered resources.
2022-05-22 18:54:05,877 [Worker-24: Launching App] INFO  o.e.m.c.i.embedder.EclipseLogger - skip non existing resourceDirectory C:\Users\santi\WorkPlace_01\Practica_semanal_semana_5\src\test\resources
2022-05-22 18:54:37,255 [Worker-22: Launching App] INFO  o.e.m.c.i.embedder.EclipseLogger - Using 'UTF-8' encoding to copy filtered resources.
2022-05-22 18:54:37,256 [Worker-22: Launching App] INFO  o.e.m.c.i.embedder.EclipseLogger - skip non existing resourceDirectory C:\Users\santi\WorkPlace_01\Practica_semanal_semana_5\src\main\resources
2022-05-22 18:54:37,260 [Worker-22: Launching App] INFO  o.e.m.c.i.embedder.EclipseLogger - Using 'UTF-8' encoding to copy filtered resources.
2022-05-22 18:54:37,261 [Worker-22: Launching App] INFO  o.e.m.c.i.embedder.EclipseLogger - skip non existing resourceDirectory C:\Users\santi\WorkPlace_01\Practica_semanal_semana_5\src\test\resources
2022-05-22 18:55:06,031 [Worker-24: Launching App] INFO  o.e.m.c.i.embedder.EclipseLogger - Using 'UTF-8' encoding to copy filtered resources.
2022-05-22 18:55:06,031 [Worker-24: Launching App] INFO  o.e.m.c.i.embedder.EclipseLogger - skip non existing resourceDirectory C:\Users\santi\WorkPlace_01\Practica_semanal_semana_5\src\main\resources
2022-05-22 18:55:06,034 [Worker-24: Launching App] INFO  o.e.m.c.i.embedder.EclipseLogger - Using 'UTF-8' encoding to copy filtered resources.
2022-05-22 18:55:06,034 [Worker-24: Launching App] INFO  o.e.m.c.i.embedder.EclipseLogger - skip non existing resourceDirectory C:\Users\santi\WorkPlace_01\Practica_semanal_semana_5\src\test\resources
2022-05-22 18:55:52,822 [Worker-20: Launching App] INFO  o.e.m.c.i.embedder.EclipseLogger - Using 'UTF-8' encoding to copy filtered resources.
2022-05-22 18:55:52,823 [Worker-20: Launching App] INFO  o.e.m.c.i.embedder.EclipseLogger - skip non existing resourceDirectory C:\Users\santi\WorkPlace_01\Practica_semanal_semana_5\src\main\resources
2022-05-22 18:55:52,826 [Worker-20: Launching App] INFO  o.e.m.c.i.embedder.EclipseLogger - Using 'UTF-8' encoding to copy filtered resources.
2022-05-22 18:55:52,826 [Worker-20: Launching App] INFO  o.e.m.c.i.embedder.EclipseLogger - skip non existing resourceDirectory C:\Users\santi\WorkPlace_01\Practica_semanal_semana_5\src\test\resources
2022-05-22 18:56:00,766 [Worker-20: Launching App] INFO  o.e.m.c.i.embedder.EclipseLogger - Using 'UTF-8' encoding to copy filtered resources.
2022-05-22 18:56:00,767 [Worker-20: Launching App] INFO  o.e.m.c.i.embedder.EclipseLogger - skip non existing resourceDirectory C:\Users\santi\WorkPlace_01\Practica_semanal_semana_5\src\main\resources
2022-05-22 18:56:00,770 [Worker-20: Launching App] INFO  o.e.m.c.i.embedder.EclipseLogger - Using 'UTF-8' encoding to copy filtered resources.
2022-05-22 18:56:00,770 [Worker-20: Launching App] INFO  o.e.m.c.i.embedder.EclipseLogger - skip non existing resourceDirectory C:\Users\santi\WorkPlace_01\Practica_semanal_semana_5\src\test\resources
2022-05-22 18:56:48,261 [Worker-26: Launching App] INFO  o.e.m.c.i.embedder.EclipseLogger - Using 'UTF-8' encoding to copy filtered resources.
2022-05-22 18:56:48,262 [Worker-26: Launching App] INFO  o.e.m.c.i.embedder.EclipseLogger - skip non existing resourceDirectory C:\Users\santi\WorkPlace_01\Practica_semanal_semana_5\src\main\resources
2022-05-22 18:56:48,264 [Worker-26: Launching App] INFO  o.e.m.c.i.embedder.EclipseLogger - Using 'UTF-8' encoding to copy filtered resources.
2022-05-22 18:56:48,265 [Worker-26: Launching App] INFO  o.e.m.c.i.embedder.EclipseLogger - skip non existing resourceDirectory C:\Users\santi\WorkPlace_01\Practica_semanal_semana_5\src\test\resources
2022-05-22 19:00:16,724 [Worker-28: Launching App] INFO  o.e.m.c.i.embedder.EclipseLogger - Using 'UTF-8' encoding to copy filtered resources.
2022-05-22 19:00:16,725 [Worker-28: Launching App] INFO  o.e.m.c.i.embedder.EclipseLogger - skip non existing resourceDirectory C:\Users\santi\WorkPlace_01\Practica_semanal_semana_5\src\main\resources
2022-05-22 19:00:16,728 [Worker-28: Launching App] INFO  o.e.m.c.i.embedder.EclipseLogger - Using 'UTF-8' encoding to copy filtered resources.
2022-05-22 19:00:16,729 [Worker-28: Launching App] INFO  o.e.m.c.i.embedder.EclipseLogger - skip non existing resourceDirectory C:\Users\santi\WorkPlace_01\Practica_semanal_semana_5\src\test\resources
2022-05-22 19:00:22,896 [Worker-29: Launching App] INFO  o.e.m.c.i.embedder.EclipseLogger - Using 'UTF-8' encoding to copy filtered resources.
2022-05-22 19:00:22,897 [Worker-29: Launching App] INFO  o.e.m.c.i.embedder.EclipseLogger - skip non existing resourceDirectory C:\Users\santi\WorkPlace_01\Practica_semanal_semana_5\src\main\resources
2022-05-22 19:00:22,901 [Worker-29: Launching App] INFO  o.e.m.c.i.embedder.EclipseLogger - Using 'UTF-8' encoding to copy filtered resources.
2022-05-22 19:00:22,902 [Worker-29: Launching App] INFO  o.e.m.c.i.embedder.EclipseLogger - skip non existing resourceDirectory C:\Users\santi\WorkPlace_01\Practica_semanal_semana_5\src\test\resources
2022-05-22 19:00:57,307 [Worker-28: Launching App] INFO  o.e.m.c.i.embedder.EclipseLogger - Using 'UTF-8' encoding to copy filtered resources.
2022-05-22 19:00:57,307 [Worker-28: Launching App] INFO  o.e.m.c.i.embedder.EclipseLogger - skip non existing resourceDirectory C:\Users\santi\WorkPlace_01\Practica_semanal_semana_5\src\main\resources
2022-05-22 19:00:57,311 [Worker-28: Launching App] INFO  o.e.m.c.i.embedder.EclipseLogger - Using 'UTF-8' encoding to copy filtered resources.
2022-05-22 19:00:57,312 [Worker-28: Launching App] INFO  o.e.m.c.i.embedder.EclipseLogger - skip non existing resourceDirectory C:\Users\santi\WorkPlace_01\Practica_semanal_semana_5\src\test\resources
2022-05-22 19:08:02,662 [Worker-28: Launching App] INFO  o.e.m.c.i.embedder.EclipseLogger - Using 'UTF-8' encoding to copy filtered resources.
2022-05-22 19:08:02,662 [Worker-28: Launching App] INFO  o.e.m.c.i.embedder.EclipseLogger - skip non existing resourceDirectory C:\Users\santi\WorkPlace_01\Practica_semanal_semana_5\src\main\resources
2022-05-22 19:08:02,666 [Worker-28: Launching App] INFO  o.e.m.c.i.embedder.EclipseLogger - Using 'UTF-8' encoding to copy filtered resources.
2022-05-22 19:08:02,666 [Worker-28: Launching App] INFO  o.e.m.c.i.embedder.EclipseLogger - skip non existing resourceDirectory C:\Users\santi\WorkPlace_01\Practica_semanal_semana_5\src\test\resources
2022-05-22 19:15:53,371 [Worker-24: Building] INFO  o.e.m.c.i.embedder.EclipseLogger - Using 'UTF-8' encoding to copy filtered resources.
2022-05-22 19:15:53,371 [Worker-24: Building] INFO  o.e.m.c.i.embedder.EclipseLogger - skip non existing resourceDirectory C:\Users\santi\WorkPlace_01\Practica_semanal_semana_5\src\main\resources
2022-05-22 19:15:53,373 [Worker-24: Building] INFO  o.e.m.c.i.embedder.EclipseLogger - Using 'UTF-8' encoding to copy filtered resources.
2022-05-22 19:15:53,374 [Worker-24: Building] INFO  o.e.m.c.i.embedder.EclipseLogger - skip non existing resourceDirectory C:\Users\santi\WorkPlace_01\Practica_semanal_semana_5\src\test\resources
2022-05-22 19:19:44,271 [Worker-34: Launching App] INFO  o.e.m.c.i.embedder.EclipseLogger - Using 'UTF-8' encoding to copy filtered resources.
2022-05-22 19:19:44,271 [Worker-34: Launching App] INFO  o.e.m.c.i.embedder.EclipseLogger - skip non existing resourceDirectory C:\Users\santi\WorkPlace_01\Practica_semanal_semana_5\src\main\resources
2022-05-22 19:19:44,274 [Worker-34: Launching App] INFO  o.e.m.c.i.embedder.EclipseLogger - Using 'UTF-8' encoding to copy filtered resources.
2022-05-22 19:19:44,274 [Worker-34: Launching App] INFO  o.e.m.c.i.embedder.EclipseLogger - skip non existing resourceDirectory C:\Users\santi\WorkPlace_01\Practica_semanal_semana_5\src\test\resources
2022-05-22 19:20:25,211 [Worker-36: Launching App] INFO  o.e.m.c.i.embedder.EclipseLogger - Using 'UTF-8' encoding to copy filtered resources.
2022-05-22 19:20:25,212 [Worker-36: Launching App] INFO  o.e.m.c.i.embedder.EclipseLogger - skip non existing resourceDirectory C:\Users\santi\WorkPlace_01\Practica_semanal_semana_5\src\main\resources
2022-05-22 19:20:25,214 [Worker-36: Launching App] INFO  o.e.m.c.i.embedder.EclipseLogger - Using 'UTF-8' encoding to copy filtered resources.
2022-05-22 19:20:25,215 [Worker-36: Launching App] INFO  o.e.m.c.i.embedder.EclipseLogger - skip non existing resourceDirectory C:\Users\santi\WorkPlace_01\Practica_semanal_semana_5\src\test\resources
2022-05-22 19:20:52,539 [Worker-32: Launching App] INFO  o.e.m.c.i.embedder.EclipseLogger - Using 'UTF-8' encoding to copy filtered resources.
2022-05-22 19:20:52,540 [Worker-32: Launching App] INFO  o.e.m.c.i.embedder.EclipseLogger - skip non existing resourceDirectory C:\Users\santi\WorkPlace_01\Practica_semanal_semana_5\src\main\resources
2022-05-22 19:20:52,543 [Worker-32: Launching App] INFO  o.e.m.c.i.embedder.EclipseLogger - Using 'UTF-8' encoding to copy filtered resources.
2022-05-22 19:20:52,543 [Worker-32: Launching App] INFO  o.e.m.c.i.embedder.EclipseLogger - skip non existing resourceDirectory C:\Users\santi\WorkPlace_01\Practica_semanal_semana_5\src\test\resources
2022-05-22 19:23:31,428 [Worker-37: Launching App] INFO  o.e.m.c.i.embedder.EclipseLogger - Using 'UTF-8' encoding to copy filtered resources.
2022-05-22 19:23:31,429 [Worker-37: Launching App] INFO  o.e.m.c.i.embedder.EclipseLogger - skip non existing resourceDirectory C:\Users\santi\WorkPlace_01\Practica_semanal_semana_5\src\main\resources
2022-05-22 19:23:31,432 [Worker-37: Launching App] INFO  o.e.m.c.i.embedder.EclipseLogger - Using 'UTF-8' encoding to copy filtered resources.
2022-05-22 19:23:31,432 [Worker-37: Launching App] INFO  o.e.m.c.i.embedder.EclipseLogger - skip non existing resourceDirectory C:\Users\santi\WorkPlace_01\Practica_semanal_semana_5\src\test\resources
2022-05-22 19:23:52,129 [Worker-24: Launching App] INFO  o.e.m.c.i.embedder.EclipseLogger - Using 'UTF-8' encoding to copy filtered resources.
2022-05-22 19:23:52,129 [Worker-24: Launching App] INFO  o.e.m.c.i.embedder.EclipseLogger - skip non existing resourceDirectory C:\Users\santi\WorkPlace_01\Practica_semanal_semana_5\src\main\resources
2022-05-22 19:23:52,130 [Worker-24: Launching App] INFO  o.e.m.c.i.embedder.EclipseLogger - Using 'UTF-8' encoding to copy filtered resources.
2022-05-22 19:23:52,131 [Worker-24: Launching App] INFO  o.e.m.c.i.embedder.EclipseLogger - skip non existing resourceDirectory C:\Users\santi\WorkPlace_01\Practica_semanal_semana_5\src\test\resources
2022-05-22 19:24:48,383 [Worker-38: Launching App] INFO  o.e.m.c.i.embedder.EclipseLogger - Using 'UTF-8' encoding to copy filtered resources.
2022-05-22 19:24:48,384 [Worker-38: Launching App] INFO  o.e.m.c.i.embedder.EclipseLogger - skip non existing resourceDirectory C:\Users\santi\WorkPlace_01\Practica_semanal_semana_5\src\main\resources
2022-05-22 19:24:48,387 [Worker-38: Launching App] INFO  o.e.m.c.i.embedder.EclipseLogger - Using 'UTF-8' encoding to copy filtered resources.
2022-05-22 19:24:48,388 [Worker-38: Launching App] INFO  o.e.m.c.i.embedder.EclipseLogger - skip non existing resourceDirectory C:\Users\santi\WorkPlace_01\Practica_semanal_semana_5\src\test\resources
2022-05-22 19:25:34,284 [Worker-39: Launching App] INFO  o.e.m.c.i.embedder.EclipseLogger - Using 'UTF-8' encoding to copy filtered resources.
2022-05-22 19:25:34,285 [Worker-39: Launching App] INFO  o.e.m.c.i.embedder.EclipseLogger - skip non existing resourceDirectory C:\Users\santi\WorkPlace_01\Practica_semanal_semana_5\src\main\resources
2022-05-22 19:25:34,286 [Worker-39: Launching App] INFO  o.e.m.c.i.embedder.EclipseLogger - Using 'UTF-8' encoding to copy filtered resources.
2022-05-22 19:25:34,287 [Worker-39: Launching App] INFO  o.e.m.c.i.embedder.EclipseLogger - skip non existing resourceDirectory C:\Users\santi\WorkPlace_01\Practica_semanal_semana_5\src\test\resources
2022-05-22 19:30:09,463 [Worker-41: Launching App] INFO  o.e.m.c.i.embedder.EclipseLogger - Using 'UTF-8' encoding to copy filtered resources.
2022-05-22 19:30:09,464 [Worker-41: Launching App] INFO  o.e.m.c.i.embedder.EclipseLogger - skip non existing resourceDirectory C:\Users\santi\WorkPlace_01\Practica_semanal_semana_5\src\main\resources
2022-05-22 19:30:09,466 [Worker-41: Launching App] INFO  o.e.m.c.i.embedder.EclipseLogger - Using 'UTF-8' encoding to copy filtered resources.
2022-05-22 19:30:09,466 [Worker-41: Launching App] INFO  o.e.m.c.i.embedder.EclipseLogger - skip non existing resourceDirectory C:\Users\santi\WorkPlace_01\Practica_semanal_semana_5\src\test\resources
2022-05-22 19:30:27,713 [Worker-34: Launching App] INFO  o.e.m.c.i.embedder.EclipseLogger - Using 'UTF-8' encoding to copy filtered resources.
2022-05-22 19:30:27,713 [Worker-34: Launching App] INFO  o.e.m.c.i.embedder.EclipseLogger - skip non existing resourceDirectory C:\Users\santi\WorkPlace_01\Practica_semanal_semana_5\src\main\resources
2022-05-22 19:30:27,716 [Worker-34: Launching App] INFO  o.e.m.c.i.embedder.EclipseLogger - Using 'UTF-8' encoding to copy filtered resources.
2022-05-22 19:30:27,716 [Worker-34: Launching App] INFO  o.e.m.c.i.embedder.EclipseLogger - skip non existing resourceDirectory C:\Users\santi\WorkPlace_01\Practica_semanal_semana_5\src\test\resources
2022-05-22 19:30:50,483 [Worker-24: Launching App] INFO  o.e.m.c.i.embedder.EclipseLogger - Using 'UTF-8' encoding to copy filtered resources.
2022-05-22 19:30:50,483 [Worker-24: Launching App] INFO  o.e.m.c.i.embedder.EclipseLogger - skip non existing resourceDirectory C:\Users\santi\WorkPlace_01\Practica_semanal_semana_5\src\main\resources
2022-05-22 19:30:50,486 [Worker-24: Launching App] INFO  o.e.m.c.i.embedder.EclipseLogger - Using 'UTF-8' encoding to copy filtered resources.
2022-05-22 19:30:50,486 [Worker-24: Launching App] INFO  o.e.m.c.i.embedder.EclipseLogger - skip non existing resourceDirectory C:\Users\santi\WorkPlace_01\Practica_semanal_semana_5\src\test\resources
2022-05-22 19:30:58,151 [Worker-34: Launching App] INFO  o.e.m.c.i.embedder.EclipseLogger - Using 'UTF-8' encoding to copy filtered resources.
2022-05-22 19:30:58,151 [Worker-34: Launching App] INFO  o.e.m.c.i.embedder.EclipseLogger - skip non existing resourceDirectory C:\Users\santi\WorkPlace_01\Practica_semanal_semana_5\src\main\resources
2022-05-22 19:30:58,153 [Worker-34: Launching App] INFO  o.e.m.c.i.embedder.EclipseLogger - Using 'UTF-8' encoding to copy filtered resources.
2022-05-22 19:30:58,153 [Worker-34: Launching App] INFO  o.e.m.c.i.embedder.EclipseLogger - skip non existing resourceDirectory C:\Users\santi\WorkPlace_01\Practica_semanal_semana_5\src\test\resources
2022-05-22 19:32:04,440 [Worker-41: Building] INFO  o.e.m.c.i.embedder.EclipseLogger - Using 'UTF-8' encoding to copy filtered resources.
2022-05-22 19:32:04,440 [Worker-41: Building] INFO  o.e.m.c.i.embedder.EclipseLogger - skip non existing resourceDirectory C:\Users\santi\WorkPlace_01\Practica_semanal_semana_5\src\main\resources
